18:08:35 **** Incremental Build of configuration Debug for project stm32f4xx_drivers ****
make -j8 all 
arm-none-eabi-size   stm32f4xx_drivers.elf 
   text	   data	    bss	    dec	    hex	filename
   3032	      8	   1568	   4608	   1200	stm32f4xx_drivers.elf
Finished building: default.size.stdout
 
18:09:07 **** Incremental Build of configuration Debug for project 001HellowWorld ****
make -j8 all 
arm-none-eabi-size   001HellowWorld.elf 
   text	   data	    bss	    dec	    hex	filename
   3720	    108	   1596	   5424	   1530	001HellowWorld.elf
Finished building: default.size.stdout
 
18:09:08 **** Incremental Build of configuration Debug for project 004_PeriClock2 ****
make -j8 all 
arm-none-eabi-size   004_PeriClock2.elf 
   text	   data	    bss	    dec	    hex	filename
    716	      8	   1568	   2292	    8f4	004_PeriClock2.elf
Finished building: default.size.stdout
 
18:09:08 **** Incremental Build of configuration Debug for project 007LED1 ****
make -j8 all 
arm-none-eabi-size   007LED1.elf 
   text	   data	    bss	    dec	    hex	filename
    952	      8	   1568	   2528	    9e0	007LED1.elf
Finished building: default.size.stdout
 
18:09:09 **** Incremental Build of configuration Debug for project 008Input ****
make -j8 all 
arm-none-eabi-size   008Input.elf 
   text	   data	    bss	    dec	    hex	filename
    972	      8	   1568	   2548	    9f4	008Input.elf
Finished building: default.size.stdout
 
18:09:09 **** Incremental Build of configuration Debug for project 009LED_Toggle_Bitfield ****
make -j8 all 
arm-none-eabi-size   009LED_Toggle_Bitfield.elf 
   text	   data	    bss	    dec	    hex	filename
   1012	      8	   1568	   2588	    a1c	009LED_Toggle_Bitfield.elf
Finished building: default.size.stdout
 
18:09:10 **** Incremental Build of configuration Debug for project 011_Interrupt_test ****
make -j8 all 
arm-none-eabi-size   011_Interrupt_test.elf 
   text	   data	    bss	    dec	    hex	filename
    760	      8	   1568	   2336	    920	011_Interrupt_test.elf
Finished building: default.size.stdout
 
18:09:10 **** Incremental Build of configuration Debug for project stm32f4xx_drivers ****
make -j8 all 
arm-none-eabi-gcc "../Src/003spi_cmd.c" -mcpu=cortex-m4 -std=gnu11 -g3 -DDEBUG -DSTM32 -DSTM32F407G_DISC1 -DSTM32F4 -DSTM32F407VGTx -c -I../Inc -I"/home/shak48/Documents/local-repo/EmbeddedC/STM32F407/Src/stm32f4xx_drivers/Drivers/Inc" -O0 -ffunction-sections -fdata-sections -Wall -fstack-usage -MMD -MP -MF"Src/003spi_cmd.d" -MT"Src/003spi_cmd.o" --specs=nano.specs -mfpu=fpv4-sp-d16 -mfloat-abi=hard -mthumb -o "Src/003spi_cmd.o"
arm-none-eabi-gcc -o "stm32f4xx_drivers.elf" @"objects.list"   -mcpu=cortex-m4 -T"/home/shak48/Documents/local-repo/EmbeddedC/STM32F407/Src/stm32f4xx_drivers/STM32F407VGTX_FLASH.ld" --specs=nosys.specs -Wl,-Map="stm32f4xx_drivers.map" -Wl,--gc-sections -static -L"/home/shak48/Documents/local-repo/EmbeddedC/STM32F407/Src/stm32f4xx_drivers/Drivers/Src" --specs=nano.specs -mfpu=fpv4-sp-d16 -mfloat-abi=hard -mthumb -Wl,--start-group -lc -lm -Wl,--end-group
Finished building target: stm32f4xx_drivers.elf
 
arm-none-eabi-size   stm32f4xx_drivers.elf 
arm-none-eabi-objdump -h -S  stm32f4xx_drivers.elf  > "stm32f4xx_drivers.list"
arm-none-eabi-objcopy  -O binary  stm32f4xx_drivers.elf  "stm32f4xx_drivers.bin"
   text	   data	    bss	    dec	    hex	filename
   3032	      8	   1568	   4608	   1200	stm32f4xx_drivers.elf
Finished building: default.size.stdout
 
Finished building: stm32f4xx_drivers.bin
 
Finished building: stm32f4xx_drivers.list
 
